<?xml version="1.0" encoding="UTF-8"?>
<testng-results skipped="0" failed="0" ignored="0" total="1" passed="1">
  <reporter-output>
  </reporter-output>
  <suite name="Default suite" duration-ms="86111" started-at="2019-06-07T09:44:01Z" finished-at="2019-06-07T09:45:27Z">
    <groups>
      <group name="Form Submission">
        <method signature="DriverScript.JiraId_1206()[pri:7, instance:test.DriverScript@15b3e5b]" name="JiraId_1206" class="test.DriverScript"/>
      </group> <!-- Form Submission -->
    </groups>
    <test name="Default test" duration-ms="86111" started-at="2019-06-07T09:44:01Z" finished-at="2019-06-07T09:45:27Z">
      <class name="test.DriverScript">
        <test-method status="PASS" signature="pre_requisute()[pri:0, instance:test.DriverScript@15b3e5b]" name="pre_requisute" is-config="true" duration-ms="34169" started-at="2019-06-07T09:44:01Z" finished-at="2019-06-07T09:44:35Z">
          <reporter-output>
          </reporter-output>
        </test-method> <!-- pre_requisute -->
        <test-method status="PASS" signature="JiraId_1206()[pri:7, instance:test.DriverScript@15b3e5b]" name="JiraId_1206" duration-ms="40471" started-at="2019-06-07T09:44:36Z" finished-at="2019-06-07T09:45:16Z">
          <reporter-output>
          </reporter-output>
        </test-method> <!-- JiraId_1206 -->
        <test-method status="PASS" signature="closeTheSession()[pri:0, instance:test.DriverScript@15b3e5b]" name="closeTheSession" is-config="true" duration-ms="11043" started-at="2019-06-07T09:45:16Z" finished-at="2019-06-07T09:45:27Z">
          <reporter-output>
          </reporter-output>
        </test-method> <!-- closeTheSession -->
      </class> <!-- test.DriverScript -->
    </test> <!-- Default test -->
  </suite> <!-- Default suite -->
</testng-results>
